2024-04-14T00:41:31.837+03:00  INFO 1500 --- [Vaultify] [main] c.p.vaultify.VaultifyApplicationTests    : Starting VaultifyApplicationTests using Java 21.0.2 with PID 1500 (started by axlln in /home/axlln/Программирование/Vaultify-Server)
2024-04-14T00:41:31.846+03:00  INFO 1500 --- [Vaultify] [main] c.p.vaultify.VaultifyApplicationTests    : No active profile set, falling back to 1 default profile: "default"
2024-04-14T00:41:32.503+03:00  INFO 1500 --- [Vaultify] [main] .s.d.r.c.RepositoryConfigurationDelegate : Bootstrapping Spring Data JPA repositories in DEFAULT mode.
2024-04-14T00:41:32.555+03:00  INFO 1500 --- [Vaultify] [main] .s.d.r.c.RepositoryConfigurationDelegate : Finished Spring Data repository scanning in 45 ms. Found 3 JPA repository interfaces.
2024-04-14T00:41:32.844+03:00  WARN 1500 --- [Vaultify] [main] trationDelegate$BeanPostProcessorChecker : Bean 'org.springframework.ws.config.annotation.DelegatingWsConfiguration' of type [org.springframework.ws.config.annotation.DelegatingWsConfiguration$$SpringCGLIB$$0] is not eligible for getting processed by all BeanPostProcessors (for example: not eligible for auto-proxying). The currently created BeanPostProcessor [annotationActionEndpointMapping] is declared through a non-static factory method on that class; consider declaring it as static instead.
2024-04-14T00:41:32.883+03:00  INFO 1500 --- [Vaultify] [main] .w.s.a.s.AnnotationActionEndpointMapping : Supporting [WS-Addressing August 2004, WS-Addressing 1.0]
2024-04-14T00:41:33.101+03:00  INFO 1500 --- [Vaultify] [main] o.hibernate.jpa.internal.util.LogHelper  : HHH000204: Processing PersistenceUnitInfo [name: default]
2024-04-14T00:41:33.141+03:00  INFO 1500 --- [Vaultify] [main] org.hibernate.Version                    : HHH000412: Hibernate ORM core version 6.4.4.Final
2024-04-14T00:41:33.162+03:00  INFO 1500 --- [Vaultify] [main] o.h.c.internal.RegionFactoryInitiator    : HHH000026: Second-level cache disabled
2024-04-14T00:41:33.380+03:00  INFO 1500 --- [Vaultify] [main] o.s.o.j.p.SpringPersistenceUnitInfo      : No LoadTimeWeaver setup: ignoring JPA class transformer
2024-04-14T00:41:33.411+03:00  INFO 1500 --- [Vaultify] [main] com.zaxxer.hikari.HikariDataSource       : HikariPool-1 - Starting...
2024-04-14T00:41:33.590+03:00  INFO 1500 --- [Vaultify] [main] com.zaxxer.hikari.pool.HikariPool        : HikariPool-1 - Added connection org.postgresql.jdbc.PgConnection@297bd171
2024-04-14T00:41:33.592+03:00  INFO 1500 --- [Vaultify] [main] com.zaxxer.hikari.HikariDataSource       : HikariPool-1 - Start completed.
2024-04-14T00:41:34.434+03:00  INFO 1500 --- [Vaultify] [main] o.h.e.t.j.p.i.JtaPlatformInitiator       : HHH000489: No JTA platform available (set 'hibernate.transaction.jta.platform' to enable JTA platform integration)
2024-04-14T00:41:34.509+03:00  INFO 1500 --- [Vaultify] [main] j.LocalContainerEntityManagerFactoryBean : Initialized JPA EntityManagerFactory for persistence unit 'default'
2024-04-14T00:41:34.875+03:00  INFO 1500 --- [Vaultify] [main] o.s.d.j.r.query.QueryEnhancerFactory     : Hibernate is in classpath; If applicable, HQL parser will be used.
2024-04-14T00:41:35.348+03:00  WARN 1500 --- [Vaultify] [main] JpaBaseConfiguration$JpaWebConfiguration : spring.jpa.open-in-view is enabled by default. Therefore, database queries may be performed during view rendering. Explicitly configure spring.jpa.open-in-view to disable this warning
2024-04-14T00:41:35.376+03:00  WARN 1500 --- [Vaultify] [main] .s.s.UserDetailsServiceAutoConfiguration : 

Using generated security password: d06833ca-a79c-4229-9079-1fe2943071dc

This generated password is for development use only. Your security configuration must be updated before running your application in production.

2024-04-14T00:41:35.713+03:00  INFO 1500 --- [Vaultify] [main] o.s.s.web.DefaultSecurityFilterChain     : Will secure any request with [org.springframework.security.web.session.DisableEncodeUrlFilter@879f852, org.springframework.security.web.context.request.async.WebAsyncManagerIntegrationFilter@693676d, org.springframework.security.web.context.SecurityContextHolderFilter@3b75b7b4, org.springframework.security.web.header.HeaderWriterFilter@1a2b23f2, org.springframework.web.filter.CorsFilter@2a0a178f, org.springframework.security.web.authentication.logout.LogoutFilter@4f9a8d71, org.springframework.security.web.savedrequest.RequestCacheAwareFilter@119cd026, org.springframework.security.web.servletapi.SecurityContextHolderAwareRequestFilter@65448932, org.springframework.security.web.authentication.AnonymousAuthenticationFilter@55a7f0af, org.springframework.security.web.access.ExceptionTranslationFilter@39352f6b, org.springframework.security.web.access.intercept.FilterSecurityInterceptor@7ebc2975]
2024-04-14T00:41:36.120+03:00  INFO 1500 --- [Vaultify] [main] c.p.vaultify.VaultifyApplicationTests    : Started VaultifyApplicationTests in 4.504 seconds (process running for 5.25)
2024-04-14T00:41:36.434+03:00  INFO 1500 --- [Vaultify] [SpringApplicationShutdownHook] j.LocalContainerEntityManagerFactoryBean : Closing JPA EntityManagerFactory for persistence unit 'default'
2024-04-14T00:41:36.435+03:00  INFO 1500 --- [Vaultify] [SpringApplicationShutdownHook] com.zaxxer.hikari.HikariDataSource       : HikariPool-1 - Shutdown initiated...
2024-04-14T00:41:36.441+03:00  INFO 1500 --- [Vaultify] [SpringApplicationShutdownHook] com.zaxxer.hikari.HikariDataSource       : HikariPool-1 - Shutdown completed.
2024-04-14T00:59:04.160+03:00  INFO 467 --- [Vaultify] [main] c.p.vaultify.VaultifyApplicationTests    : Starting VaultifyApplicationTests using Java 21.0.2 with PID 467 (started by axlln in /home/axlln/Программирование/Vaultify-Server)
2024-04-14T00:59:04.162+03:00  INFO 467 --- [Vaultify] [main] c.p.vaultify.VaultifyApplicationTests    : No active profile set, falling back to 1 default profile: "default"
2024-04-14T00:59:04.825+03:00  INFO 467 --- [Vaultify] [main] .s.d.r.c.RepositoryConfigurationDelegate : Bootstrapping Spring Data JPA repositories in DEFAULT mode.
2024-04-14T00:59:04.870+03:00  INFO 467 --- [Vaultify] [main] .s.d.r.c.RepositoryConfigurationDelegate : Finished Spring Data repository scanning in 41 ms. Found 3 JPA repository interfaces.
2024-04-14T00:59:05.109+03:00  WARN 467 --- [Vaultify] [main] trationDelegate$BeanPostProcessorChecker : Bean 'org.springframework.ws.config.annotation.DelegatingWsConfiguration' of type [org.springframework.ws.config.annotation.DelegatingWsConfiguration$$SpringCGLIB$$0] is not eligible for getting processed by all BeanPostProcessors (for example: not eligible for auto-proxying). The currently created BeanPostProcessor [annotationActionEndpointMapping] is declared through a non-static factory method on that class; consider declaring it as static instead.
2024-04-14T00:59:05.132+03:00  INFO 467 --- [Vaultify] [main] .w.s.a.s.AnnotationActionEndpointMapping : Supporting [WS-Addressing August 2004, WS-Addressing 1.0]
2024-04-14T00:59:05.288+03:00  INFO 467 --- [Vaultify] [main] o.hibernate.jpa.internal.util.LogHelper  : HHH000204: Processing PersistenceUnitInfo [name: default]
2024-04-14T00:59:05.325+03:00  INFO 467 --- [Vaultify] [main] org.hibernate.Version                    : HHH000412: Hibernate ORM core version 6.4.4.Final
2024-04-14T00:59:05.366+03:00  INFO 467 --- [Vaultify] [main] o.h.c.internal.RegionFactoryInitiator    : HHH000026: Second-level cache disabled
2024-04-14T00:59:05.552+03:00  INFO 467 --- [Vaultify] [main] o.s.o.j.p.SpringPersistenceUnitInfo      : No LoadTimeWeaver setup: ignoring JPA class transformer
2024-04-14T00:59:05.572+03:00  INFO 467 --- [Vaultify] [main] com.zaxxer.hikari.HikariDataSource       : HikariPool-1 - Starting...
2024-04-14T00:59:05.684+03:00  INFO 467 --- [Vaultify] [main] com.zaxxer.hikari.pool.HikariPool        : HikariPool-1 - Added connection org.postgresql.jdbc.PgConnection@5c0e2ec
2024-04-14T00:59:05.686+03:00  INFO 467 --- [Vaultify] [main] com.zaxxer.hikari.HikariDataSource       : HikariPool-1 - Start completed.
2024-04-14T00:59:06.435+03:00  INFO 467 --- [Vaultify] [main] o.h.e.t.j.p.i.JtaPlatformInitiator       : HHH000489: No JTA platform available (set 'hibernate.transaction.jta.platform' to enable JTA platform integration)
2024-04-14T00:59:06.496+03:00  INFO 467 --- [Vaultify] [main] j.LocalContainerEntityManagerFactoryBean : Initialized JPA EntityManagerFactory for persistence unit 'default'
2024-04-14T00:59:06.815+03:00  INFO 467 --- [Vaultify] [main] o.s.d.j.r.query.QueryEnhancerFactory     : Hibernate is in classpath; If applicable, HQL parser will be used.
2024-04-14T00:59:07.254+03:00  WARN 467 --- [Vaultify] [main] JpaBaseConfiguration$JpaWebConfiguration : spring.jpa.open-in-view is enabled by default. Therefore, database queries may be performed during view rendering. Explicitly configure spring.jpa.open-in-view to disable this warning
2024-04-14T00:59:07.281+03:00  WARN 467 --- [Vaultify] [main] .s.s.UserDetailsServiceAutoConfiguration : 

Using generated security password: 5de7307a-dc6d-49a4-aee1-3bcd00378d18

This generated password is for development use only. Your security configuration must be updated before running your application in production.

2024-04-14T00:59:07.558+03:00  INFO 467 --- [Vaultify] [main] o.s.s.web.DefaultSecurityFilterChain     : Will secure any request with [org.springframework.security.web.session.DisableEncodeUrlFilter@57ce8f63, org.springframework.security.web.context.request.async.WebAsyncManagerIntegrationFilter@1d92d132, org.springframework.security.web.context.SecurityContextHolderFilter@5d96b0f, org.springframework.security.web.header.HeaderWriterFilter@2bfe398b, org.springframework.web.filter.CorsFilter@59acb725, org.springframework.security.web.authentication.logout.LogoutFilter@31b11287, org.springframework.security.web.savedrequest.RequestCacheAwareFilter@4a592d22, org.springframework.security.web.servletapi.SecurityContextHolderAwareRequestFilter@20072ff1, org.springframework.security.web.authentication.AnonymousAuthenticationFilter@2291fb1, org.springframework.security.web.access.ExceptionTranslationFilter@3c3a8246, org.springframework.security.web.access.intercept.FilterSecurityInterceptor@7f994055]
2024-04-14T00:59:07.954+03:00  INFO 467 --- [Vaultify] [main] c.p.vaultify.VaultifyApplicationTests    : Started VaultifyApplicationTests in 4.012 seconds (process running for 4.899)
2024-04-14T00:59:08.257+03:00  INFO 467 --- [Vaultify] [SpringApplicationShutdownHook] j.LocalContainerEntityManagerFactoryBean : Closing JPA EntityManagerFactory for persistence unit 'default'
2024-04-14T00:59:08.259+03:00  INFO 467 --- [Vaultify] [SpringApplicationShutdownHook] com.zaxxer.hikari.HikariDataSource       : HikariPool-1 - Shutdown initiated...
2024-04-14T00:59:08.262+03:00  INFO 467 --- [Vaultify] [SpringApplicationShutdownHook] com.zaxxer.hikari.HikariDataSource       : HikariPool-1 - Shutdown completed.
2024-04-14T01:04:54.415+03:00  INFO 700 --- [Vaultify] [main] c.p.vaultify.VaultifyApplicationTests    : Starting VaultifyApplicationTests using Java 21.0.2 with PID 700 (started by axlln in /home/axlln/Программирование/Vaultify-Server)
2024-04-14T01:04:54.416+03:00  INFO 700 --- [Vaultify] [main] c.p.vaultify.VaultifyApplicationTests    : No active profile set, falling back to 1 default profile: "default"
2024-04-14T01:04:55.070+03:00  INFO 700 --- [Vaultify] [main] .s.d.r.c.RepositoryConfigurationDelegate : Bootstrapping Spring Data JPA repositories in DEFAULT mode.
2024-04-14T01:04:55.123+03:00  INFO 700 --- [Vaultify] [main] .s.d.r.c.RepositoryConfigurationDelegate : Finished Spring Data repository scanning in 48 ms. Found 3 JPA repository interfaces.
2024-04-14T01:04:55.407+03:00  WARN 700 --- [Vaultify] [main] trationDelegate$BeanPostProcessorChecker : Bean 'org.springframework.ws.config.annotation.DelegatingWsConfiguration' of type [org.springframework.ws.config.annotation.DelegatingWsConfiguration$$SpringCGLIB$$0] is not eligible for getting processed by all BeanPostProcessors (for example: not eligible for auto-proxying). The currently created BeanPostProcessor [annotationActionEndpointMapping] is declared through a non-static factory method on that class; consider declaring it as static instead.
2024-04-14T01:04:55.433+03:00  INFO 700 --- [Vaultify] [main] .w.s.a.s.AnnotationActionEndpointMapping : Supporting [WS-Addressing August 2004, WS-Addressing 1.0]
2024-04-14T01:04:55.627+03:00  INFO 700 --- [Vaultify] [main] o.hibernate.jpa.internal.util.LogHelper  : HHH000204: Processing PersistenceUnitInfo [name: default]
2024-04-14T01:04:55.666+03:00  INFO 700 --- [Vaultify] [main] org.hibernate.Version                    : HHH000412: Hibernate ORM core version 6.4.4.Final
2024-04-14T01:04:55.708+03:00  INFO 700 --- [Vaultify] [main] o.h.c.internal.RegionFactoryInitiator    : HHH000026: Second-level cache disabled
2024-04-14T01:04:55.878+03:00  INFO 700 --- [Vaultify] [main] o.s.o.j.p.SpringPersistenceUnitInfo      : No LoadTimeWeaver setup: ignoring JPA class transformer
2024-04-14T01:04:55.898+03:00  INFO 700 --- [Vaultify] [main] com.zaxxer.hikari.HikariDataSource       : HikariPool-1 - Starting...
2024-04-14T01:04:56.013+03:00  INFO 700 --- [Vaultify] [main] com.zaxxer.hikari.pool.HikariPool        : HikariPool-1 - Added connection org.postgresql.jdbc.PgConnection@4269aad7
2024-04-14T01:04:56.014+03:00  INFO 700 --- [Vaultify] [main] com.zaxxer.hikari.HikariDataSource       : HikariPool-1 - Start completed.
2024-04-14T01:04:56.734+03:00  INFO 700 --- [Vaultify] [main] o.h.e.t.j.p.i.JtaPlatformInitiator       : HHH000489: No JTA platform available (set 'hibernate.transaction.jta.platform' to enable JTA platform integration)
2024-04-14T01:04:56.793+03:00  INFO 700 --- [Vaultify] [main] j.LocalContainerEntityManagerFactoryBean : Initialized JPA EntityManagerFactory for persistence unit 'default'
2024-04-14T01:04:57.086+03:00  INFO 700 --- [Vaultify] [main] o.s.d.j.r.query.QueryEnhancerFactory     : Hibernate is in classpath; If applicable, HQL parser will be used.
2024-04-14T01:04:57.496+03:00  WARN 700 --- [Vaultify] [main] JpaBaseConfiguration$JpaWebConfiguration : spring.jpa.open-in-view is enabled by default. Therefore, database queries may be performed during view rendering. Explicitly configure spring.jpa.open-in-view to disable this warning
2024-04-14T01:04:57.523+03:00  WARN 700 --- [Vaultify] [main] .s.s.UserDetailsServiceAutoConfiguration : 

Using generated security password: ce8f1056-b8f5-4fe8-9e18-7d103d6041fa

This generated password is for development use only. Your security configuration must be updated before running your application in production.

2024-04-14T01:04:57.772+03:00  INFO 700 --- [Vaultify] [main] o.s.s.web.DefaultSecurityFilterChain     : Will secure any request with [org.springframework.security.web.session.DisableEncodeUrlFilter@640890bc, org.springframework.security.web.context.request.async.WebAsyncManagerIntegrationFilter@5b1f32e2, org.springframework.security.web.context.SecurityContextHolderFilter@8374911, org.springframework.security.web.header.HeaderWriterFilter@3ea4dcc5, org.springframework.web.filter.CorsFilter@b65cc8b, org.springframework.security.web.authentication.logout.LogoutFilter@4057eb76, org.springframework.security.web.savedrequest.RequestCacheAwareFilter@6b0aa757, org.springframework.security.web.servletapi.SecurityContextHolderAwareRequestFilter@2f4b2ee3, org.springframework.security.web.authentication.AnonymousAuthenticationFilter@56da2437, org.springframework.security.web.access.ExceptionTranslationFilter@20072ff1, org.springframework.security.web.access.intercept.FilterSecurityInterceptor@5c18ad5d]
2024-04-14T01:04:58.159+03:00  INFO 700 --- [Vaultify] [main] c.p.vaultify.VaultifyApplicationTests    : Started VaultifyApplicationTests in 3.908 seconds (process running for 4.658)
2024-04-14T01:04:58.446+03:00  INFO 700 --- [Vaultify] [SpringApplicationShutdownHook] j.LocalContainerEntityManagerFactoryBean : Closing JPA EntityManagerFactory for persistence unit 'default'
2024-04-14T01:04:58.448+03:00  INFO 700 --- [Vaultify] [SpringApplicationShutdownHook] com.zaxxer.hikari.HikariDataSource       : HikariPool-1 - Shutdown initiated...
2024-04-14T01:04:58.463+03:00  INFO 700 --- [Vaultify] [SpringApplicationShutdownHook] com.zaxxer.hikari.HikariDataSource       : HikariPool-1 - Shutdown completed.
2024-04-14T01:05:30.087+03:00  INFO 799 --- [Vaultify] [main] c.p.vaultify.VaultifyApplicationTests    : Starting VaultifyApplicationTests using Java 21.0.2 with PID 799 (started by axlln in /home/axlln/Программирование/Vaultify-Server)
2024-04-14T01:05:30.088+03:00  INFO 799 --- [Vaultify] [main] c.p.vaultify.VaultifyApplicationTests    : No active profile set, falling back to 1 default profile: "default"
2024-04-14T01:05:30.656+03:00  INFO 799 --- [Vaultify] [main] .s.d.r.c.RepositoryConfigurationDelegate : Bootstrapping Spring Data JPA repositories in DEFAULT mode.
2024-04-14T01:05:30.701+03:00  INFO 799 --- [Vaultify] [main] .s.d.r.c.RepositoryConfigurationDelegate : Finished Spring Data repository scanning in 40 ms. Found 3 JPA repository interfaces.
2024-04-14T01:05:30.937+03:00  WARN 799 --- [Vaultify] [main] trationDelegate$BeanPostProcessorChecker : Bean 'org.springframework.ws.config.annotation.DelegatingWsConfiguration' of type [org.springframework.ws.config.annotation.DelegatingWsConfiguration$$SpringCGLIB$$0] is not eligible for getting processed by all BeanPostProcessors (for example: not eligible for auto-proxying). The currently created BeanPostProcessor [annotationActionEndpointMapping] is declared through a non-static factory method on that class; consider declaring it as static instead.
2024-04-14T01:05:30.962+03:00  INFO 799 --- [Vaultify] [main] .w.s.a.s.AnnotationActionEndpointMapping : Supporting [WS-Addressing August 2004, WS-Addressing 1.0]
2024-04-14T01:05:31.113+03:00  INFO 799 --- [Vaultify] [main] o.hibernate.jpa.internal.util.LogHelper  : HHH000204: Processing PersistenceUnitInfo [name: default]
2024-04-14T01:05:31.149+03:00  INFO 799 --- [Vaultify] [main] org.hibernate.Version                    : HHH000412: Hibernate ORM core version 6.4.4.Final
2024-04-14T01:05:31.182+03:00  INFO 799 --- [Vaultify] [main] o.h.c.internal.RegionFactoryInitiator    : HHH000026: Second-level cache disabled
2024-04-14T01:05:31.328+03:00  INFO 799 --- [Vaultify] [main] o.s.o.j.p.SpringPersistenceUnitInfo      : No LoadTimeWeaver setup: ignoring JPA class transformer
2024-04-14T01:05:31.345+03:00  INFO 799 --- [Vaultify] [main] com.zaxxer.hikari.HikariDataSource       : HikariPool-1 - Starting...
2024-04-14T01:05:31.481+03:00  INFO 799 --- [Vaultify] [main] com.zaxxer.hikari.pool.HikariPool        : HikariPool-1 - Added connection org.postgresql.jdbc.PgConnection@3e98b933
2024-04-14T01:05:31.482+03:00  INFO 799 --- [Vaultify] [main] com.zaxxer.hikari.HikariDataSource       : HikariPool-1 - Start completed.
2024-04-14T01:05:32.208+03:00  INFO 799 --- [Vaultify] [main] o.h.e.t.j.p.i.JtaPlatformInitiator       : HHH000489: No JTA platform available (set 'hibernate.transaction.jta.platform' to enable JTA platform integration)
2024-04-14T01:05:32.269+03:00  INFO 799 --- [Vaultify] [main] j.LocalContainerEntityManagerFactoryBean : Initialized JPA EntityManagerFactory for persistence unit 'default'
2024-04-14T01:05:32.597+03:00  INFO 799 --- [Vaultify] [main] o.s.d.j.r.query.QueryEnhancerFactory     : Hibernate is in classpath; If applicable, HQL parser will be used.
2024-04-14T01:05:33.110+03:00  WARN 799 --- [Vaultify] [main] JpaBaseConfiguration$JpaWebConfiguration : spring.jpa.open-in-view is enabled by default. Therefore, database queries may be performed during view rendering. Explicitly configure spring.jpa.open-in-view to disable this warning
2024-04-14T01:05:33.144+03:00  WARN 799 --- [Vaultify] [main] .s.s.UserDetailsServiceAutoConfiguration : 

Using generated security password: 2fc8ec78-8c60-4903-afe8-0b80bc57419d

This generated password is for development use only. Your security configuration must be updated before running your application in production.

2024-04-14T01:05:33.469+03:00  INFO 799 --- [Vaultify] [main] o.s.s.web.DefaultSecurityFilterChain     : Will secure any request with [org.springframework.security.web.session.DisableEncodeUrlFilter@56da2437, org.springframework.security.web.context.request.async.WebAsyncManagerIntegrationFilter@7677d320, org.springframework.security.web.context.SecurityContextHolderFilter@6b0aa757, org.springframework.security.web.header.HeaderWriterFilter@3d0f2154, org.springframework.web.filter.CorsFilter@545d772e, org.springframework.security.web.authentication.logout.LogoutFilter@1c61011b, org.springframework.security.web.savedrequest.RequestCacheAwareFilter@1d0695da, org.springframework.security.web.servletapi.SecurityContextHolderAwareRequestFilter@62e55482, org.springframework.security.web.authentication.AnonymousAuthenticationFilter@71f9f8ba, org.springframework.security.web.access.ExceptionTranslationFilter@38ed9fb2, org.springframework.security.web.access.intercept.FilterSecurityInterceptor@743167c7]
2024-04-14T01:05:33.895+03:00  INFO 799 --- [Vaultify] [main] c.p.vaultify.VaultifyApplicationTests    : Started VaultifyApplicationTests in 3.988 seconds (process running for 4.752)
2024-04-14T01:05:34.193+03:00  INFO 799 --- [Vaultify] [SpringApplicationShutdownHook] j.LocalContainerEntityManagerFactoryBean : Closing JPA EntityManagerFactory for persistence unit 'default'
2024-04-14T01:05:34.195+03:00  INFO 799 --- [Vaultify] [SpringApplicationShutdownHook] com.zaxxer.hikari.HikariDataSource       : HikariPool-1 - Shutdown initiated...
2024-04-14T01:05:34.199+03:00  INFO 799 --- [Vaultify] [SpringApplicationShutdownHook] com.zaxxer.hikari.HikariDataSource       : HikariPool-1 - Shutdown completed.
2024-04-14T01:06:43.977+03:00  INFO 962 --- [Vaultify] [main] c.p.vaultify.VaultifyApplicationTests    : Starting VaultifyApplicationTests using Java 21.0.2 with PID 962 (started by axlln in /home/axlln/Программирование/Vaultify-Server)
2024-04-14T01:06:43.978+03:00  INFO 962 --- [Vaultify] [main] c.p.vaultify.VaultifyApplicationTests    : No active profile set, falling back to 1 default profile: "default"
2024-04-14T01:06:44.545+03:00  INFO 962 --- [Vaultify] [main] .s.d.r.c.RepositoryConfigurationDelegate : Bootstrapping Spring Data JPA repositories in DEFAULT mode.
2024-04-14T01:06:44.592+03:00  INFO 962 --- [Vaultify] [main] .s.d.r.c.RepositoryConfigurationDelegate : Finished Spring Data repository scanning in 42 ms. Found 3 JPA repository interfaces.
2024-04-14T01:06:44.820+03:00  WARN 962 --- [Vaultify] [main] trationDelegate$BeanPostProcessorChecker : Bean 'org.springframework.ws.config.annotation.DelegatingWsConfiguration' of type [org.springframework.ws.config.annotation.DelegatingWsConfiguration$$SpringCGLIB$$0] is not eligible for getting processed by all BeanPostProcessors (for example: not eligible for auto-proxying). The currently created BeanPostProcessor [annotationActionEndpointMapping] is declared through a non-static factory method on that class; consider declaring it as static instead.
2024-04-14T01:06:44.852+03:00  INFO 962 --- [Vaultify] [main] .w.s.a.s.AnnotationActionEndpointMapping : Supporting [WS-Addressing August 2004, WS-Addressing 1.0]
2024-04-14T01:06:45.018+03:00  INFO 962 --- [Vaultify] [main] o.hibernate.jpa.internal.util.LogHelper  : HHH000204: Processing PersistenceUnitInfo [name: default]
2024-04-14T01:06:45.059+03:00  INFO 962 --- [Vaultify] [main] org.hibernate.Version                    : HHH000412: Hibernate ORM core version 6.4.4.Final
2024-04-14T01:06:45.092+03:00  INFO 962 --- [Vaultify] [main] o.h.c.internal.RegionFactoryInitiator    : HHH000026: Second-level cache disabled
2024-04-14T01:06:45.232+03:00  INFO 962 --- [Vaultify] [main] o.s.o.j.p.SpringPersistenceUnitInfo      : No LoadTimeWeaver setup: ignoring JPA class transformer
2024-04-14T01:06:45.249+03:00  INFO 962 --- [Vaultify] [main] com.zaxxer.hikari.HikariDataSource       : HikariPool-1 - Starting...
2024-04-14T01:06:45.375+03:00  INFO 962 --- [Vaultify] [main] com.zaxxer.hikari.pool.HikariPool        : HikariPool-1 - Added connection org.postgresql.jdbc.PgConnection@5c0e2ec
2024-04-14T01:06:45.376+03:00  INFO 962 --- [Vaultify] [main] com.zaxxer.hikari.HikariDataSource       : HikariPool-1 - Start completed.
2024-04-14T01:06:46.073+03:00  INFO 962 --- [Vaultify] [main] o.h.e.t.j.p.i.JtaPlatformInitiator       : HHH000489: No JTA platform available (set 'hibernate.transaction.jta.platform' to enable JTA platform integration)
2024-04-14T01:06:46.131+03:00  INFO 962 --- [Vaultify] [main] j.LocalContainerEntityManagerFactoryBean : Initialized JPA EntityManagerFactory for persistence unit 'default'
2024-04-14T01:06:46.428+03:00  INFO 962 --- [Vaultify] [main] o.s.d.j.r.query.QueryEnhancerFactory     : Hibernate is in classpath; If applicable, HQL parser will be used.
2024-04-14T01:06:46.804+03:00  WARN 962 --- [Vaultify] [main] JpaBaseConfiguration$JpaWebConfiguration : spring.jpa.open-in-view is enabled by default. Therefore, database queries may be performed during view rendering. Explicitly configure spring.jpa.open-in-view to disable this warning
2024-04-14T01:06:46.832+03:00  WARN 962 --- [Vaultify] [main] .s.s.UserDetailsServiceAutoConfiguration : 

Using generated security password: 156f6fa6-41cb-4ae2-8c1f-1498dd60a38b

This generated password is for development use only. Your security configuration must be updated before running your application in production.

2024-04-14T01:06:47.085+03:00  INFO 962 --- [Vaultify] [main] o.s.s.web.DefaultSecurityFilterChain     : Will secure any request with [org.springframework.security.web.session.DisableEncodeUrlFilter@57ce8f63, org.springframework.security.web.context.request.async.WebAsyncManagerIntegrationFilter@1d92d132, org.springframework.security.web.context.SecurityContextHolderFilter@5d96b0f, org.springframework.security.web.header.HeaderWriterFilter@2bfe398b, org.springframework.web.filter.CorsFilter@59acb725, org.springframework.security.web.authentication.logout.LogoutFilter@31b11287, org.springframework.security.web.savedrequest.RequestCacheAwareFilter@4a592d22, org.springframework.security.web.servletapi.SecurityContextHolderAwareRequestFilter@20072ff1, org.springframework.security.web.authentication.AnonymousAuthenticationFilter@2291fb1, org.springframework.security.web.access.ExceptionTranslationFilter@3c3a8246, org.springframework.security.web.access.intercept.FilterSecurityInterceptor@7f994055]
2024-04-14T01:06:47.439+03:00  INFO 962 --- [Vaultify] [main] c.p.vaultify.VaultifyApplicationTests    : Started VaultifyApplicationTests in 3.648 seconds (process running for 4.428)
2024-04-14T01:06:47.749+03:00  INFO 962 --- [Vaultify] [SpringApplicationShutdownHook] j.LocalContainerEntityManagerFactoryBean : Closing JPA EntityManagerFactory for persistence unit 'default'
2024-04-14T01:06:47.751+03:00  INFO 962 --- [Vaultify] [SpringApplicationShutdownHook] com.zaxxer.hikari.HikariDataSource       : HikariPool-1 - Shutdown initiated...
2024-04-14T01:06:47.755+03:00  INFO 962 --- [Vaultify] [SpringApplicationShutdownHook] com.zaxxer.hikari.HikariDataSource       : HikariPool-1 - Shutdown completed.
2024-04-14T01:09:16.516+03:00  INFO 1121 --- [Vaultify] [main] c.p.vaultify.VaultifyApplicationTests    : Starting VaultifyApplicationTests using Java 21.0.2 with PID 1121 (started by axlln in /home/axlln/Программирование/Vaultify-Server)
2024-04-14T01:09:16.518+03:00  INFO 1121 --- [Vaultify] [main] c.p.vaultify.VaultifyApplicationTests    : No active profile set, falling back to 1 default profile: "default"
2024-04-14T01:09:17.330+03:00  INFO 1121 --- [Vaultify] [main] .s.d.r.c.RepositoryConfigurationDelegate : Bootstrapping Spring Data JPA repositories in DEFAULT mode.
2024-04-14T01:09:17.385+03:00  INFO 1121 --- [Vaultify] [main] .s.d.r.c.RepositoryConfigurationDelegate : Finished Spring Data repository scanning in 50 ms. Found 3 JPA repository interfaces.
2024-04-14T01:09:17.743+03:00  WARN 1121 --- [Vaultify] [main] trationDelegate$BeanPostProcessorChecker : Bean 'org.springframework.ws.config.annotation.DelegatingWsConfiguration' of type [org.springframework.ws.config.annotation.DelegatingWsConfiguration$$SpringCGLIB$$0] is not eligible for getting processed by all BeanPostProcessors (for example: not eligible for auto-proxying). The currently created BeanPostProcessor [annotationActionEndpointMapping] is declared through a non-static factory method on that class; consider declaring it as static instead.
2024-04-14T01:09:17.779+03:00  INFO 1121 --- [Vaultify] [main] .w.s.a.s.AnnotationActionEndpointMapping : Supporting [WS-Addressing August 2004, WS-Addressing 1.0]
2024-04-14T01:09:18.031+03:00  INFO 1121 --- [Vaultify] [main] o.hibernate.jpa.internal.util.LogHelper  : HHH000204: Processing PersistenceUnitInfo [name: default]
2024-04-14T01:09:18.089+03:00  INFO 1121 --- [Vaultify] [main] org.hibernate.Version                    : HHH000412: Hibernate ORM core version 6.4.4.Final
2024-04-14T01:09:18.124+03:00  INFO 1121 --- [Vaultify] [main] o.h.c.internal.RegionFactoryInitiator    : HHH000026: Second-level cache disabled
2024-04-14T01:09:18.365+03:00  INFO 1121 --- [Vaultify] [main] o.s.o.j.p.SpringPersistenceUnitInfo      : No LoadTimeWeaver setup: ignoring JPA class transformer
2024-04-14T01:09:18.389+03:00  INFO 1121 --- [Vaultify] [main] com.zaxxer.hikari.HikariDataSource       : HikariPool-1 - Starting...
2024-04-14T01:09:18.535+03:00  INFO 1121 --- [Vaultify] [main] com.zaxxer.hikari.pool.HikariPool        : HikariPool-1 - Added connection org.postgresql.jdbc.PgConnection@369ad7da
2024-04-14T01:09:18.536+03:00  INFO 1121 --- [Vaultify] [main] com.zaxxer.hikari.HikariDataSource       : HikariPool-1 - Start completed.
2024-04-14T01:09:19.351+03:00  INFO 1121 --- [Vaultify] [main] o.h.e.t.j.p.i.JtaPlatformInitiator       : HHH000489: No JTA platform available (set 'hibernate.transaction.jta.platform' to enable JTA platform integration)
2024-04-14T01:09:19.403+03:00  INFO 1121 --- [Vaultify] [main] j.LocalContainerEntityManagerFactoryBean : Initialized JPA EntityManagerFactory for persistence unit 'default'
2024-04-14T01:09:19.849+03:00  INFO 1121 --- [Vaultify] [main] o.s.d.j.r.query.QueryEnhancerFactory     : Hibernate is in classpath; If applicable, HQL parser will be used.
2024-04-14T01:09:20.430+03:00  WARN 1121 --- [Vaultify] [main] JpaBaseConfiguration$JpaWebConfiguration : spring.jpa.open-in-view is enabled by default. Therefore, database queries may be performed during view rendering. Explicitly configure spring.jpa.open-in-view to disable this warning
2024-04-14T01:09:20.481+03:00  WARN 1121 --- [Vaultify] [main] .s.s.UserDetailsServiceAutoConfiguration : 

Using generated security password: a50719c3-6fff-4e2f-82e8-e1f84e26000a

This generated password is for development use only. Your security configuration must be updated before running your application in production.

2024-04-14T01:09:20.833+03:00  INFO 1121 --- [Vaultify] [main] o.s.s.web.DefaultSecurityFilterChain     : Will secure any request with [org.springframework.security.web.session.DisableEncodeUrlFilter@1606ecbb, org.springframework.security.web.context.request.async.WebAsyncManagerIntegrationFilter@5c18ad5d, org.springframework.security.web.context.SecurityContextHolderFilter@12ebfc66, org.springframework.security.web.header.HeaderWriterFilter@22bf4d9d, org.springframework.web.filter.CorsFilter@497ccf3, org.springframework.security.web.authentication.logout.LogoutFilter@345effd7, org.springframework.security.web.savedrequest.RequestCacheAwareFilter@5b1dd206, org.springframework.security.web.servletapi.SecurityContextHolderAwareRequestFilter@3ea4dcc5, org.springframework.security.web.authentication.AnonymousAuthenticationFilter@55732ae6, org.springframework.security.web.access.ExceptionTranslationFilter@2bfe398b, org.springframework.security.web.access.intercept.FilterSecurityInterceptor@5bb00dcc]
2024-04-14T01:09:21.343+03:00  INFO 1121 --- [Vaultify] [main] c.p.vaultify.VaultifyApplicationTests    : Started VaultifyApplicationTests in 5.066 seconds (process running for 5.939)
2024-04-14T01:09:21.759+03:00  INFO 1121 --- [Vaultify] [SpringApplicationShutdownHook] j.LocalContainerEntityManagerFactoryBean : Closing JPA EntityManagerFactory for persistence unit 'default'
2024-04-14T01:09:21.766+03:00  INFO 1121 --- [Vaultify] [SpringApplicationShutdownHook] com.zaxxer.hikari.HikariDataSource       : HikariPool-1 - Shutdown initiated...
2024-04-14T01:09:21.772+03:00  INFO 1121 --- [Vaultify] [SpringApplicationShutdownHook] com.zaxxer.hikari.HikariDataSource       : HikariPool-1 - Shutdown completed.
